\BOOKMARK [0][-]{chapter*.1}{ABSTRACT}{}% 1
\BOOKMARK [0][-]{chapter*.2}{DEDICATION}{}% 2
\BOOKMARK [0][-]{chapter*.3}{ACKNOWLEDGMENTS}{}% 3
\BOOKMARK [0][-]{chapter*.4}{CONTRIBUTORS AND FUNDING SOURCES}{}% 4
\BOOKMARK [0][-]{chapter*.5}{NOMENCLATURE}{}% 5
\BOOKMARK [0][-]{section*.6}{TABLE OF CONTENTS}{}% 6
\BOOKMARK [0][-]{section*.7}{LIST OF FIGURES}{}% 7
\BOOKMARK [0][-]{section*.8}{LIST OF TABLES}{}% 8
\BOOKMARK [0][-]{chapter.1}{Introduction}{}% 9
\BOOKMARK [0][-]{chapter.2}{THEORETICAL FRAMEWORK}{}% 10
\BOOKMARK [1][-]{section.2.1}{The Standard Model}{chapter.2}% 11
\BOOKMARK [1][-]{section.2.2}{Structure and Particle Content}{chapter.2}% 12
\BOOKMARK [2][-]{subsection.2.2.1}{Fermions}{section.2.2}% 13
\BOOKMARK [3][-]{subsubsection.2.2.1.1}{Leptons}{subsection.2.2.1}% 14
\BOOKMARK [3][-]{subsubsection.2.2.1.2}{Quarks}{subsection.2.2.1}% 15
\BOOKMARK [2][-]{subsection.2.2.2}{Bosons}{section.2.2}% 16
\BOOKMARK [1][-]{section.2.3}{Particle Interactions}{chapter.2}% 17
\BOOKMARK [2][-]{subsection.2.3.1}{Quantum Electrodynamics}{section.2.3}% 18
\BOOKMARK [2][-]{subsection.2.3.2}{Electroweak Interaction}{section.2.3}% 19
\BOOKMARK [2][-]{subsection.2.3.3}{Strong Interaction}{section.2.3}% 20
\BOOKMARK [2][-]{subsection.2.3.4}{Brout-Englert-Higgs Mechanism and the Higgs Boson}{section.2.3}% 21
\BOOKMARK [1][-]{section.2.4}{Beyond the Standard Model}{chapter.2}% 22
\BOOKMARK [1][-]{section.2.5}{Lepton universality}{chapter.2}% 23
\BOOKMARK [1][-]{section.2.6}{B-hadron anomalies}{chapter.2}% 24
\BOOKMARK [2][-]{subsection.2.6.1}{bs quark transitions}{section.2.6}% 25
\BOOKMARK [1][-]{section.2.7}{The Z'}{chapter.2}% 26
\BOOKMARK [2][-]{subsection.2.7.1}{4b Bottom Fermion Fusion}{section.2.7}% 27
\BOOKMARK [2][-]{subsection.2.7.2}{Flavour-violating coupling _bs}{section.2.7}% 28
\BOOKMARK [0][-]{chapter.3}{The LHC and CMS Detector}{}% 29
\BOOKMARK [1][-]{section.3.1}{The Large Hadron Collider}{chapter.3}% 30
\BOOKMARK [1][-]{section.3.2}{The CMS Detector}{chapter.3}% 31
\BOOKMARK [2][-]{subsection.3.2.1}{Coordinate System}{section.3.2}% 32
\BOOKMARK [2][-]{subsection.3.2.2}{Solenoid}{section.3.2}% 33
\BOOKMARK [2][-]{subsection.3.2.3}{Tracker and Pixel Detector}{section.3.2}% 34
\BOOKMARK [2][-]{subsection.3.2.4}{Calorimeters}{section.3.2}% 35
\BOOKMARK [3][-]{subsubsection.3.2.4.1}{Electromagnetic Calorimeter}{subsection.3.2.4}% 36
\BOOKMARK [3][-]{subsubsection.3.2.4.2}{Hadron Calorimeter}{subsection.3.2.4}% 37
\BOOKMARK [2][-]{subsection.3.2.5}{Muon System}{section.3.2}% 38
\BOOKMARK [2][-]{subsection.3.2.6}{Luminosity Measurement}{section.3.2}% 39
\BOOKMARK [0][-]{chapter.4}{EVENT RECONSTRUCTION }{}% 40
\BOOKMARK [1][-]{section.4.1}{Data Acquisition}{chapter.4}% 41
\BOOKMARK [2][-]{subsection.4.1.1}{L1 Trigger and HLT}{section.4.1}% 42
\BOOKMARK [2][-]{subsection.4.1.2}{T1 sites and data storage}{section.4.1}% 43
\BOOKMARK [1][-]{section.4.2}{Particle Flow Event Reconstruction}{chapter.4}% 44
\BOOKMARK [2][-]{subsection.4.2.1}{Iterative Tracking}{section.4.2}% 45
\BOOKMARK [2][-]{subsection.4.2.2}{Calorimeter Clustering}{section.4.2}% 46
\BOOKMARK [2][-]{subsection.4.2.3}{Linking Tracks and Clusters}{section.4.2}% 47
\BOOKMARK [1][-]{section.4.3}{Physics Object Reconstruction}{chapter.4}% 48
\BOOKMARK [1][-]{section.4.4}{Jets}{chapter.4}% 49
\BOOKMARK [1][-]{section.4.5}{b-tagging}{chapter.4}% 50
\BOOKMARK [1][-]{section.4.6}{Event Generation}{chapter.4}% 51
\BOOKMARK [2][-]{subsection.4.6.1}{Event Generators}{section.4.6}% 52
\BOOKMARK [2][-]{subsection.4.6.2}{Detector Simulation}{section.4.6}% 53
\BOOKMARK [0][-]{chapter.5}{ANALYSIS }{}% 54
\BOOKMARK [1][-]{section.5.1}{Data and Monte Carlo Samples }{chapter.5}% 55
\BOOKMARK [2][-]{subsection.5.1.1}{Data}{section.5.1}% 56
\BOOKMARK [2][-]{subsection.5.1.2}{Monte Carlo}{section.5.1}% 57
\BOOKMARK [3][-]{subsubsection.5.1.2.1}{Multi-jet QCD Background}{subsection.5.1.2}% 58
\BOOKMARK [1][-]{section.5.2}{Object Selection}{chapter.5}% 59
\BOOKMARK [1][-]{section.5.3}{Data and MC Corrections}{chapter.5}% 60
\BOOKMARK [2][-]{subsection.5.3.1}{JEC and Residuals}{section.5.3}% 61
\BOOKMARK [2][-]{subsection.5.3.2}{JER Smearing}{section.5.3}% 62
\BOOKMARK [2][-]{subsection.5.3.3}{Pileup Re-weighting}{section.5.3}% 63
\BOOKMARK [2][-]{subsection.5.3.4}{CSV Reweighting}{section.5.3}% 64
\BOOKMARK [1][-]{section.5.4}{Trigger }{chapter.5}% 65
\BOOKMARK [2][-]{subsection.5.4.1}{Trigger Efficiency Estimation}{section.5.4}% 66
\BOOKMARK [3][-]{subsubsection.5.4.1.1}{QuadJet45\137TripleBTagCSV\137p087 efficiency}{subsection.5.4.1}% 67
\BOOKMARK [3][-]{subsubsection.5.4.1.2}{DoubleJet90\137Double30\137TripleBTagCSV\137p087 efficiency}{subsection.5.4.1}% 68
\BOOKMARK [1][-]{section.5.5}{Event Selection }{chapter.5}% 69
\BOOKMARK [1][-]{section.5.6}{Data-driven Background Estimation}{chapter.5}% 70
\BOOKMARK [2][-]{subsection.5.6.1}{Method Validation}{section.5.6}% 71
\BOOKMARK [1][-]{section.5.7}{Systematic Uncertainties}{chapter.5}% 72
\BOOKMARK [2][-]{subsection.5.7.1}{Detector Simulation - Related}{section.5.7}% 73
\BOOKMARK [3][-]{subsubsection.5.7.1.1}{LHC Luminosity}{subsection.5.7.1}% 74
\BOOKMARK [3][-]{subsubsection.5.7.1.2}{Pileup Weights}{subsection.5.7.1}% 75
\BOOKMARK [3][-]{subsubsection.5.7.1.3}{Jet energy scale}{subsection.5.7.1}% 76
\BOOKMARK [0][-]{section*.47}{REFERENCES}{}% 77
